============================= test session starts ==============================
platform darwin -- Python 3.13.5, pytest-9.1.1, pluggy-1.6.0 -- /Users/trung.ngo/Documents/zaob-dev/oh-my-class/.venv/bin/python3
cachedir: .pytest_cache
rootdir: /Users/trung.ngo/Documents/zaob-dev/oh-my-class
configfile: pyproject.toml
plugins: anyio-4.14.0, cov-7.1.0, asyncio-1.4.0, langsmith-0.9.0
asyncio: mode=Mode.AUTO, debug=False, asyncio_default_fixture_loop_scope=None, asyncio_default_test_loop_scope=function
collecting ... collected 934 items / 1 error

==================================== ERRORS ====================================
___________ ERROR collecting tests/integration/test_full_pipeline.py ___________
ImportError while importing test module '/Users/trung.ngo/Documents/zaob-dev/oh-my-class/tests/integration/test_full_pipeline.py'.
Hint: make sure your test modules/packages have valid Python names.
Traceback:
../../../.local/share/uv/python/cpython-3.13.5-macos-aarch64-none/lib/python3.13/importlib/__init__.py:88: in import_module
    return _bootstrap._gcd_import(name[level:], package, level)
           ^^^^^^^^^^^^^^^^^^^^^^^^^^^^^^^^^^^^^^^^^^^^^^^^^^^^
E   ModuleNotFoundError: No module named 'tests.integration'
=============================== warnings summary ===============================
.venv/lib/python3.13/site-packages/fastapi/testclient.py:1
  /Users/trung.ngo/Documents/zaob-dev/oh-my-class/.venv/lib/python3.13/site-packages/fastapi/testclient.py:1: StarletteDeprecationWarning: Using `httpx` with `starlette.testclient` is deprecated; install `httpx2` instead.
    from starlette.testclient import TestClient as TestClient  # noqa

-- Docs: https://docs.pytest.org/en/stable/how-to/capture-warnings.html
=========================== short test summary info ============================
ERROR tests/integration/test_full_pipeline.py
!!!!!!!!!!!!!!!!!!!! Interrupted: 1 error during collection !!!!!!!!!!!!!!!!!!!!
========================= 1 warning, 1 error in 1.09s ==========================
